2022-01-11 16:48:35,976 CRIT Supervisor is running as root.  Privileges were not dropped because no user is specified in the config file.  If you intend to run as root, you can set user=root in the config file to avoid this message.
2022-01-11 16:48:36,162 INFO Included extra file "/opt/docker/etc/supervisor.d/apache.conf" during parsing
2022-01-11 16:48:36,162 INFO Included extra file "/opt/docker/etc/supervisor.d/blackfire-agent.conf" during parsing
2022-01-11 16:48:36,162 INFO Included extra file "/opt/docker/etc/supervisor.d/cron.conf" during parsing
2022-01-11 16:48:36,162 INFO Included extra file "/opt/docker/etc/supervisor.d/dnsmasq.conf" during parsing
2022-01-11 16:48:36,163 INFO Included extra file "/opt/docker/etc/supervisor.d/php-fpm.conf" during parsing
2022-01-11 16:48:36,163 INFO Included extra file "/opt/docker/etc/supervisor.d/postfix.conf" during parsing
2022-01-11 16:48:36,163 INFO Included extra file "/opt/docker/etc/supervisor.d/ssh.conf" during parsing
2022-01-11 16:48:36,163 INFO Included extra file "/opt/docker/etc/supervisor.d/syslog.conf" during parsing
2022-01-11 16:48:36,875 INFO RPC interface 'supervisor' initialized
2022-01-11 16:48:36,875 INFO supervisord started with pid 81
2022-01-11 16:48:38,053 INFO spawned: 'syslogd' with pid 84
2022-01-11 16:48:38,056 INFO spawned: 'php-fpmd' with pid 85
2022-01-11 16:48:38,059 INFO spawned: 'apached' with pid 86
2022-01-11 16:48:38,066 INFO spawned: 'crond' with pid 87
2022-01-11 16:48:38,074 INFO spawned: 'postfixd' with pid 88
2022-01-11 16:48:38,078 INFO spawned: 'sshd' with pid 89
2022-01-11 16:48:40,918 INFO success: syslogd entered RUNNING state, process has stayed up for > than 1 seconds (startsecs)
2022-01-11 16:48:43,346 INFO success: php-fpmd entered RUNNING state, process has stayed up for > than 0 seconds (startsecs)
2022-01-11 16:48:43,347 INFO success: apached entered RUNNING state, process has stayed up for > than 0 seconds (startsecs)
2022-01-11 16:48:43,347 INFO success: crond entered RUNNING state, process has stayed up for > than 0 seconds (startsecs)
2022-01-11 16:48:43,347 INFO success: postfixd entered RUNNING state, process has stayed up for > than 0 seconds (startsecs)
2022-01-11 16:48:43,347 INFO success: sshd entered RUNNING state, process has stayed up for > than 0 seconds (startsecs)
